{"/Users/lam_nguyen/Documents/Lam/FLan/Teach_Typescript/code/my-vue-project/src/utils/common.ts": {"path":"/Users/lam_nguyen/Documents/Lam/FLan/Teach_Typescript/code/my-vue-project/src/utils/common.ts","all":false,"statementMap":{"10":{"start":{"line":11,"column":0},"end":{"line":11,"column":69}},"11":{"start":{"line":12,"column":0},"end":{"line":12,"column":62}},"12":{"start":{"line":13,"column":0},"end":{"line":13,"column":62}},"14":{"start":{"line":15,"column":0},"end":{"line":15,"column":59}},"15":{"start":{"line":16,"column":0},"end":{"line":16,"column":1}}},"s":{"10":1,"11":6,"12":6,"14":6,"15":6},"branchMap":{"0":{"type":"branch","line":11,"loc":{"start":{"line":11,"column":36},"end":{"line":16,"column":1}},"locations":[{"start":{"line":11,"column":36},"end":{"line":16,"column":1}}]}},"b":{"0":[6]},"fnMap":{"0":{"name":"generateRandomNumber","decl":{"start":{"line":11,"column":36},"end":{"line":16,"column":1}},"loc":{"start":{"line":11,"column":36},"end":{"line":16,"column":1}},"line":11}},"f":{"0":6}}
,"/Users/lam_nguyen/Documents/Lam/FLan/Teach_Typescript/code/my-vue-project/src/utils/index.ts": {"path":"/Users/lam_nguyen/Documents/Lam/FLan/Teach_Typescript/code/my-vue-project/src/utils/index.ts","all":false,"statementMap":{"0":{"start":{"line":1,"column":0},"end":{"line":1,"column":25}}},"s":{"0":1},"branchMap":{},"b":{},"fnMap":{},"f":{}}
}
